Stampiamo le tx0:

andrea@andrea-N53SN:~/bitcoinVisualization$ python Preprocessamento/main.py 
{'_id': u'44c574b70ec11537e125d000aa55dfefd27cc9b964554ff7ed10c35c1891fed0',
 'addressesValue_receving': [('15QYqct6uX2rBTiFHstHfMYZ54wsXsXUr9',
                              50.00247288)],
 'addressesValue_sending': [],
 'time': 1322420310,
 'value_in': 0,
 'value_out': 50.00247288}
{'_id': u'101e23cabef6aecb5a9d7a637909481bdae7004132d007d42e24a846602cdd30',
 'addressesValue_receving': [('14gEJovhLmCxr8XqxJqwKPwTqYJQd6jjga', 50.0175)],
 'addressesValue_sending': [],
 'time': 1322421888,
 'value_in': 0,
 'value_out': 50.0175}
{'_id': u'34adb61b0390ab37bdc58fade8466155ec3c9319ddcc65b019b62c62679f1d0a',
 'addressesValue_receving': [('1JrDKqzsE7xWfvfwLs4ZCjyTZ2EZE5Fc87',
                              50.028514)],
 'addressesValue_sending': [],
 'time': 1322424272,
 'value_in': 0,
 'value_out': 50.028514}
{'_id': u'f064b5576354087e7b915c725865413c5c1fe8f1c7cbd326103c83732a556d3b',
 'addressesValue_receving': [('175d7jUMuywqGKfb3VVCV7hLe91EM46Urb',
                              50.000002)],
 'addressesValue_sending': [],
 'time': 1322424336,
 'value_in': 0,
 'value_out': 50.000002}
{'_id': u'cbf4412bbc47b8909a51428957e107482285ecf74f14ecbc4de519104343bc92',
 'addressesValue_receving': [('1KUCp7YP5FP8ViRxhfszSUJCTAajK6viGy', 50.001)],
 'addressesValue_sending': [],
 'time': 1322424459,
 'value_in': 0,
 'value_out': 50.001}
{'_id': u'573dbf9b4246bd4352971c3127663abc6f319159cfd77550885bc5ee472072f4',
 'addressesValue_receving': [('1ALBQWjJh22mqE7UvssWQUswn1wrVWWBH1', 50.023)],
 'addressesValue_sending': [],
 'time': 1322425045,
 'value_in': 0,
 'value_out': 50.023}
{'_id': u'6de4699cdcbe6354394bf672501d4fce7d0b2cec4d8a4497b6989917ae5d07c6',
 'addressesValue_receving': [('1KUCp7YP5FP8ViRxhfszSUJCTAajK6viGy', 50.0205)],
 'addressesValue_sending': [],
 'time': 1322425815,
 'value_in': 0,
 'value_out': 50.0205}
{'_id': u'791febf616b042224546dacf5643a9af3d470d10bd60f74d5e68b1fdeccb5585',
 'addressesValue_receving': [('19NRWRg6QvofS6JcDLT9jKww2bh2EpUmKk', 50.0005)],
 'addressesValue_sending': [],
 'time': 1322425900,
 'value_in': 0,
 'value_out': 50.0005}
{'_id': u'3f984a8c788c0467b859aa3358344d7d5bede175d7818d7b00c1f4c8a1f95091',
 'addressesValue_receving': [('1HvyorMojJp4u7cL59bRJARGi5mQKf9wrB', 50.02)],
 'addressesValue_sending': [],
 'time': 1322425890,
 'value_in': 0,
 'value_out': 50.02}
{'_id': u'85d8333d7278a16fb0ce9d42f7ef3b74ab0db9abdbcf71eb2705f01f84f87091',
 'addressesValue_receving': [('1NgWK2FLynxiZKDvG9fZWc6TBLferokx7M', 50.0105)],
 'addressesValue_sending': [],
 'time': 1322426135,
 'value_in': 0,
 'value_out': 50.0105}
{'_id': u'ed39cb1b8a49276fa37ce0bc76b34f36321d2de829f7d873ff49d543cf45f7ea',
 'addressesValue_receving': [('1CayeXF1ehCDShjEQZjp2DuFz8EA2bmnG7', 50.01)],
 'addressesValue_sending': [],
 'time': 1322426867,
 'value_in': 0,
 'value_out': 50.01}
{'_id': u'1b3f1d2d034aa7aeb1a2072d5b8f9281e97e8c71f3a4caeac4c3e912179698b7',
 'addressesValue_receving': [('12sQutpWWPuBVXMLKCAAWr2rLKES9UwLvj',
                              50.02028704)],
 'addressesValue_sending': [],
 'time': 1322428190,
 'value_in': 0,
 'value_out': 50.02028704}
{'_id': u'061545cdf6d39c67c7b1162da5ac26a0b487732550b1624cb7286a506cab7f38',
 'addressesValue_receving': [('15VVe2EDgckLFRzKUrjXdkm7Pec868p7nS',
                              50.08584338)],
 'addressesValue_sending': [],
 'time': 1322428383,
 'value_in': 0,
 'value_out': 50.08584338}
{'_id': u'84a3fba6b96ab6e4f7f19f283c1c1af658113e9c4ed3e6fa12e69ce7e875ca48',
 'addressesValue_receving': [('13UzMo444RY2AeE8GwZBv9QfHAiEwv75Z4',
                              50.09677804)],
 'addressesValue_sending': [],
 'time': 1322429735,
 'value_in': 0,
 'value_out': 50.09677804}
{'_id': u'3a281184c4ba6284801714ab31514c639fb53bd0d4d10cbab8406ef98c35650f',
 'addressesValue_receving': [('1Py1XcN2tA1mnbvCSoK2T6Bo6ZM6qRcjsa', 50.003)],
 'addressesValue_sending': [],
 'time': 1322429844,
 'value_in': 0,
 'value_out': 50.003}
{'_id': u'de5bb080ca2a555554831435058fd1c0baf186dbf3084358780f28e8be046b9d',
 'addressesValue_receving': [('1CufrCC9yMF1JiCFZW1cptqF3aHgUm5cy',
                              0.38917656),
                             ('12PhN5dQ4qawFeVGRvwZWNw2LSwcHjUzDS',
                              0.79699835),
                             ('17ZRZbxNohSyQozFR5RZHV9Pg73SGWbueP',
                              0.01073359),
                             ('1Dto3dbLFNoP31AjbR7yAwAekDkYYCaP46',
                              0.80894584),
                             ('1PCNvqWLA1ZKx7Vpr3jLS36ZYFsmQKSR3M',
                              0.92034614),
                             ('15yMh5tdiwZN5bRTvB2bWEHkbkdRBxRXxn',
                              0.93877262),
                             ('18Vsx8eivUGtxabpkWMqAUTxU8HuuBABSH',
                              1.01349483),
                             ('1ETeWsGN7AdzDKer2vQTLQHJ4keuzRwmdV',
                              0.71203417),
                             ('1NEyKg9dkEYXNQfuEYMCv549XjccjCDjPd',
                              25.91818558),
                             ('12jaoSx9E4grbSZcXS7NJ44syvCCVG7BBR',
                              0.85620199),
                             ('1Q51Am8mzXiTkeL2rCLmMAQmQ7wdC4DJzZ',
                              0.67993409),
                             ('1NTFtxFUjkNiaxtapufDUAEgBYuF9jRYYu',
                              4.51643034),
                             ('19wccgQh6BYVvX7CMbB72qb6fdpG57quvr',
                              0.80065257),
                             ('18VGTpcKGvMAREEVg55u6otvJ8kh5CGMUs',
                              0.69315045),
                             ('1DYsTKeG7vPTGNCiwUjzeseqQwf67q67eV',
                              0.98932272),
                             ('1H7cjbU2dT9itwsGfxC2NjN4HatjcBGZiA',
                              0.68782647),
                             ('15xiz9KQjG6oWcafNkNjvMmLcb4uUYm4kn',
                              8.56647547),
                             ('1MEmWVKw5oD3SLBypay5NubYa4Jge1hLyc',
                              0.70492822)],
 'addressesValue_sending': [],
 'time': 1322430643,
 'value_in': 0,
 'value_out': 50.00360999999999}
{'_id': u'46abf71643a8370bd8f6b59aa24fee1878a27b5b440be3623ca5b220df9d3688',
 'addressesValue_receving': [('1KUCp7YP5FP8ViRxhfszSUJCTAajK6viGy', 50.0085)],
 'addressesValue_sending': [],
 'time': 1322431331,
 'value_in': 0,
 'value_out': 50.0085}
{'_id': u'3c2aea4c00d456345bc53a7f67149d140ebdd8d5aaf1e514543f213b8a0d91e6',
 'addressesValue_receving': [('19NRWRg6QvofS6JcDLT9jKww2bh2EpUmKk', 50.009)],
 'addressesValue_sending': [],
 'time': 1322432141,
 'value_in': 0,
 'value_out': 50.009}
{'_id': u'8236edb5fdb3431655b93cd17f93d4b3c2780f9ec904daf7887311c0e026d3db',
 'addressesValue_receving': [('12cGvJUjfhegU27DcVfc3u6ECtTMrGYg1x', 50.0055)],
 'addressesValue_sending': [],
 'time': 1322432304,
 'value_in': 0,
 'value_out': 50.0055}
{'_id': u'3df192a24fbef68adb1d8c780301317947e90feb4a3e2ef11b5a95918be120f2',
 'addressesValue_receving': [('1KUCp7YP5FP8ViRxhfszSUJCTAajK6viGy',
                              50.04259897)],
 'addressesValue_sending': [],
 'time': 1322432921,
 'value_in': 0,
 'value_out': 50.04259897}
{'_id': u'bfec5931b240c03d1c76955844d62cd4b95f70270fc8d7f5c065d963d3ac7069',
 'addressesValue_receving': [('1PJ3TeyMoh8gY7Mah2Bdti4CrwNuNm7NoS',
                              50.03078691)],
 'addressesValue_sending': [],
 'time': 1322433796,
 'value_in': 0,
 'value_out': 50.03078691}
{'_id': u'5c7855057f2d15722bade84ba54f4db46f93278ef85dba0eb48d71d86ce1d1bc',
 'addressesValue_receving': [('1CoH6axNu9wiCbw1dkTH7kjEUNZjgY7reu', 50.0285)],
 'addressesValue_sending': [],
 'time': 1322434807,
 'value_in': 0,
 'value_out': 50.0285}
{'_id': u'102cf5c49639e7e9509b7b6aa4a68ffca0430d601ec5734ac39db2f0b113f6ba',
 'addressesValue_receving': [('1CcY4NdVQu5LMsRssyCYAQHdj114tUpno6',
                              50.10204151)],
 'addressesValue_sending': [],
 'time': 1322437253,
 'value_in': 0,
 'value_out': 50.10204151}
{'_id': u'8a46ecea1e3fcc97299e75e3e0ef046a9d257324c3d96d23320b40f6c0030423',
 'addressesValue_receving': [('1KUCp7YP5FP8ViRxhfszSUJCTAajK6viGy',
                              50.03649999)],
 'addressesValue_sending': [],
 'time': 1322437636,
 'value_in': 0,
 'value_out': 50.03649999}
{'_id': u'940d9b0c97c17c07b9b80f4f74eeedbf7b478a07a66f26c9b0b24011154c6caa',
 'addressesValue_receving': [('14fZ2eyDc6r1xq4Z4LGtcyD7QjYb5d8QzN', 50.0)],
 'addressesValue_sending': [],
 'time': 1322437694,
 'value_in': 0,
 'value_out': 50.0}
0  hours  1  minutes  44  seconds 
