55813
1/10000
txid: 6db06ce0a1fa88034087ce82a7db10461978100bff133fe3a1b9a55fda270ae0
Minatore nuovo 1NE81mzEoq7xjL7gzzBHSq4gbF5bk4Wo2W
txid: a89a444ac7f57113dcded1cdc4f13ffbfd3074d38661056222c96164be121c02
2/10000
txid: 10d3db606bc66182a7f023550ecc249377d09b09b5acd0ef3e882c8a4e6b9eeb
Minatore nuovo 1B4YpZ2iNK3AnvkTVhS26u2cWyi46gCfj2
3/10000
txid: be8efb8cf561ba8e6e0b4aa942acbf0deb1c40ec5418e46c5f00631cee58b3a0
Minatore nuovo 17Pum1oH8RWpq7pibKpc8nohkNA5D8PwMC
4/10000
txid: 4670067b461238311e1ab0ab918bcea751c7dded16d5d2fd42b2c8264958b00f
Minatore nuovo 1KwrDScpEk3HynG8xK5tJGbVeFut1hLovb
txid: 9129ec40a46da0297968b112c52860ccfc0e00b8e785f565bb8055e2bac70b88
5/10000
txid: 5ddbad2513785026e25f9e19e86a761640e4e743bb7b46a3da5129a7f175df7e
Minatore nuovo 1NdKM8pp44GpQXCqc5pu1wMd1m849JcSLM
6/10000
txid: 32b0ec2c7b2153929ace09a620cee239c6c741180b2372be101c9288ee769687
Minatore nuovo 131FyXq5whqm6vmcZigfDPRxajU8H5xxeF
txid: d586e67ecf2370a603f7c0e8b613ef16dfafb57b56764056ecfd6bb80eca2d93
7/10000
txid: dc00946ad059210dfb72a3f870105f13302227f979d0ef9104994df705eb1940
Minatore nuovo 1BfyU5Dn4TQBLQ63v4jnur3rnCT92gQDoK
8/10000
txid: 8878a9332c108f028171a0b24f1904e6259f60188b341ba13642a07da897ffda
Minatore nuovo 1JD55VJzMDpo8UK6roqvTUnF28yEnLJb6e
9/10000
txid: a223486565eb4156c45c166aa69ade502dbff7129530fa62d5366d9c11c733ab
Minatore nuovo 14nTXoZL49JDKWxYkdKUY3k9XD4dQxLbgh
10/10000
txid: 60a6a4dbee25c9f3241661cde583a1c2821934f74771c6953c8e573d66e2a65a
Minatore nuovo 1PGprBLdCD3oDLHVtahxr8Q4Qkw8WGE7GF
11/10000
txid: cbaada7dd4865d00c709a79175953d3f54a315c0b83ca9af04b1598873f88981
Minatore nuovo 1PgBR61inW3cHiNiorsb4fsr57cc8Qdhkw
12/10000
txid: bed05037eb22785d6dc00737ae2a8fa6ebf5db117cfe8a0c20b6051b981b3d85
Minatore nuovo 1FPciEViu1H1fp1oTccM7ss6qoxojgzK7w
13/10000
txid: 39e8211afb941e7dd0630b75d87be733a0fb5c49a14f956152f19ed6f8ab17ae
Minatore nuovo 114kp3NnCyDYjYvqgX4CbzEitAp2YzwRg1
txid: b3826d70613730af2c64f562009e9d56c4428c21bf01582a513e2b629951a2c7
14/10000
txid: 98bf94c7d24979a29787568e8ce02ede201c2d2683d7df13650f4057973220d5
Minatore nuovo 14hcxD6uUahcad7c2emRWX7v1ta9uPJtvd
15/10000
txid: b275efb5627bd58b37df5db77d696042a96d391678ee99dedb3bc1e7859a036b
Minatore nuovo 1DzXCN8YZUqc8RPYuq3jaR4TUiFqes3pQw
16/10000
txid: 1b43f6a85fff39748ae831d7c4ea20a1df117319291506bafc5f1484a833c8af
Minatore nuovo 1HmnZVyyfCCAR2CmYWTJTJ22xZsKEetio6
17/10000
txid: 229e71bf2394557d185c05b347f04eceae6feb88da2ffcdc14d91fd306697ae6
Minatore nuovo 1PXoVnqSRsLfLFeKro3mYuDX9NokENgD5h
18/10000
txid: 8e9dd6de7f9fabff59404715047671f863cabaeb00afbd0029f155f6812bc6e2
Minatore nuovo 15dLBTVSXUoaK8g5kAGRfwucYr6WyiMP3c
19/10000
txid: 37065fadc6e96d3037e7658ef4b3397ce9068b0322782be9b5e04804de924a37
Minatore nuovo 17PLbvWjFf2yUceo4a5mzahvPxQ4yqfRex
20/10000
txid: c89e4d72697a2403d531662ac1115f64a560ee8b08f22dc5ed63f0e9d21b5b23
Minatore nuovo 14hRd9exizP3TVK4E16bqKwYJqRCLx4nHV
21/10000
txid: 846b5fcc91f54ec071aa46a53a05debcf1521ee64240470b946ee51746eb8ebe
Minatore nuovo 13CJA4pux3EhodH9w9mbLsTxqjXJBKU6RE
22/10000
txid: 86974c1495004e845c6b746032f00aa02a1d63b8274f4fceaf2ca851a5ee0609
Minatore nuovo 1C4MFKpZ3A7YedXeeDiC9up8hKiYtGaeWv
23/10000
txid: c2ec2a5a5a423e049e60880bcb60d066f09b0a7c28a6d7139dd3d3a5dc7dd8ec
Minatore nuovo 1FADkSefmfUskoSrb4tCbGMRBCQpnuLAMD
24/10000
txid: 640ee037a4ab2b6c4f90365a04f2a261b2d3873578d673a9ab40af5188facc26
Minatore nuovo 1Ca9asabDW1dvYnZw9PMu4vdGdJHvCCN4s
25/10000
txid: f7161091d25f3345dd8649e3501e338a5c0244b688f26d36a1d806ad50292219
Minatore nuovo 17MvVVL6x6saGsaWP53kZETRrDcSPZJMui
txid: 566fdecbbf936387557a19f71dc27eac6b551e317168250784e99f6d03f89942
26/10000
txid: 714401c02daafc9b00af22acf0dffbc3a3449e53dde579b50e38dfe38e99d76d
Minatore nuovo 17uCDCq6tonAYwNa9dVxV2chtQcHCNufYY
txid: 725a93e1e8d5d313eb53d41e84f5aa302c46be02fb461dfc3203c58d098dfd66
27/10000
txid: 84d522c359c3b0ef9983af2f26372b92cf13224ca87b56046cf158bb2679232f
Minatore nuovo 152y5YnZ4ZUnXr9KxNgDBVz3J61rQ2csYS
28/10000
txid: aec7818deb5ec7e4e9dfa09013b461073b72422532c8daab2e9bb1177ab1d088
Minatore nuovo 1EzZxae7WvATN5hvT5SUm4bFWFinGhaZ34
29/10000
txid: 16d8a754706fbb9305c33809dddc0cb3472c430f7653f751282d01dd76aab429
Minatore nuovo 1AbhECBkJ6c5Abc8RmDWyuh1TjiSE1oRpA
30/10000
txid: 07caea5f77604e38cc061e899dada9181474deda366cefe8d4b686dd73841a3e
Minatore nuovo 1Ai1szDjGUce7wntDjpFTnr2sMcAtv3dik
31/10000
txid: 938ffcb8ec4b717d43a967ea43655120a74613aa8b74ca65f71e4a697f726930
Minatore nuovo 1J95aEesSckoAfoa1gttqu9VwFEwUYNXcs
txid: cd8642c377a31e74c0fe3cfd3718778551940da142c2375bab2807d3a7f70abc
32/10000
txid: 738a0a2c3e286282acb8f8ed3747c779d3adcf025a3854fc78c88905c4afbe58
Minatore nuovo 17eXB9fUkigQx2bbdnyUtEsfSqi8t1nt6v
33/10000
txid: cd0b68b41d60218ddbc48e97739d0ea19894efa2402eb2e5b8ae8ff94fe01571
Minatore nuovo 1Ev8s9wQsbvgUnDxSCSNCYR6H2BhJeKt1Y
34/10000
txid: 5c90acbf570bf80a0076982d1212b3f996a1dff5afce31a060b9768a8654b1cd
Minatore nuovo 12fUydAU54N12iCwjuACjd7HAaDWE4RF2B
35/10000
txid: c285092542e7adad9b630c00615216a7dda3ac7b2ec8255de2492725907a85dd
Minatore nuovo 1AQB9ex8YfdjSAKZUscAHx7g4AKrHQKS9T
txid: 16860da38bd63e6aa591f913ba7e0398e168c33a4f4ef4921d0e20a1c93af650
36/10000
txid: c1100379af727e6e030683db0f71d48305e6e0a857607a5a3cb56e1b1a40a31c
Minatore nuovo 1ESb15K2ETB91hGPxcF2rbdPMnuyZXwhZd
37/10000
txid: cffc71fffce52f466a88cb446aa8e770a986c597d45797e5957f73794bcec43b
Minatore nuovo 1HHJmr5kAs2pnJVjGoEWHtDHhHHzFy86b8
38/10000
txid: 8c8f52a321a89744ca916336f68c11c83a189a6cb3bb20be0dc4b3449faf828f
Minatore nuovo 127XqVqHmfWTtr5MtLWSWxErRfHWZWFFJC
39/10000
txid: c1c3ad07c9c0d372dbea37d9577c30ddc557ea6bb38a8c9408978551d6af59b6
Minatore nuovo 1ByPj4iHzRiWF9u5jaHBbcJ2BPnhUdQ6qY
40/10000
txid: 8e2d6e5f7918d1fee97ee5e4548577aee87ecb90b7b8029c36bbf9141287d1e0
Minatore nuovo 15c69bGhe323zreq6ffQfw7GRrNoBHVDGa
41/10000
txid: 873d4c37995acd604796387f2e78fe49511d7630f8df278294657b97c56024f8
Minatore nuovo 14B7Snqq7M6ynnUahDacVbMpKsYa7d7Fwv
42/10000
txid: beb49f918bd36e5592c6ea3e01d07e96d465e3d6763c2c8228b220bb12b00bb8
Minatore nuovo 1N2XrXQ4bg8Ag5MxuLX8s4x5YJci6tnpyD
43/10000
txid: a886d209a993448dbb2f53d1a5f6d340dcde0820ddcd9a0e4f4a9aef576a4343
Minatore nuovo 1LTgKiFrUEWmURhJNRa1Z1qxt8zRD1Y5qQ
44/10000
txid: a611eb08a133977b1febe8df530b57a5479a0c35d50a9102fbdd9e8134271f8b
Minatore nuovo 17JTyd7JNt6BfTUwKy6phzpWKwiEcDfBAN
45/10000
txid: 85b647c63ca3474bee734b819594f26f7430af8b84a02e0bc213059c23ccc1d2
Minatore nuovo 1Q9MnqYDXuaRDvqE4ZFzhEXGu3ETEaqQni
46/10000
txid: 135fa600a463aed8137c60db152f8700394c2bad98bd120aab282830c354b22f
Minatore nuovo 1L2FTdLhd6Mkk1UbvKc2NzdZZH65PaZneZ
47/10000
txid: 586ed7c390be9fc73a0a4bc4b0b25122b8042cc0c11fa0952333469cecda20a6
Minatore nuovo 1MGHeJyxXaLJhUVqLZ76c7VSf68EZnDUYS
48/10000
txid: 9fe53cf1a35ce4e593720378164fb96a0f8817684ad08dd3b926df1e19a98f1c
Minatore nuovo 164gPfQNyLxq9tamMftX9poUnXn9cbiMJ6
49/10000
txid: 433d1a5702c9357fec05352c8f875f7f1d65c026998b57ecc5ee0f7dc304ea87
Minatore nuovo 18E9TNWdQuNoHL2hhbdYbJBjTcMXKdCKHf
50/10000
txid: a0b5d9cd58d70d18d101ebe501dd00c751eeca8fb37fdb46db206c9c56863158
Minatore nuovo 1GbTLFNUhCkj75CH5GdQcTZWe6uDtb6RVa
txid: 6bb9c31f15c6940d4bd664054e398e420425339aadc65e8c491cf1151fe7ff4b
